0 info it worked if it ends with ok
1 verbose cli [ 'C:\\Program Files\\nodejs\\node.exe',
1 verbose cli   'C:\\Program Files\\nodejs\\node_modules\\npm\\bin\\npm-cli.js',
1 verbose cli   'publish' ]
2 info using npm@2.14.7
3 info using node@v4.2.2
4 verbose publish [ '.' ]
5 silly cache add args [ '.', null ]
6 verbose cache add spec .
7 silly cache add parsed spec Result {
7 silly cache add   raw: '.',
7 silly cache add   scope: null,
7 silly cache add   name: null,
7 silly cache add   rawSpec: '.',
7 silly cache add   spec: 'C:\\Users\\Drew\\workspace\\xplat-cli',
7 silly cache add   type: 'directory' }
8 verbose addLocalDirectory C:\Users\Drew\AppData\Roaming\npm-cache\xplat-cli\0.0.1\package.tgz not in flight; packing
9 verbose tar pack [ 'C:\\Users\\Drew\\AppData\\Roaming\\npm-cache\\xplat-cli\\0.0.1\\package.tgz',
9 verbose tar pack   'C:\\Users\\Drew\\workspace\\xplat-cli' ]
10 verbose tarball C:\Users\Drew\AppData\Roaming\npm-cache\xplat-cli\0.0.1\package.tgz
11 verbose folder C:\Users\Drew\workspace\xplat-cli
12 info prepublish xplat-cli@0.0.1
13 verbose addLocalTarball adding from inside cache C:\Users\Drew\AppData\Roaming\npm-cache\xplat-cli\0.0.1\package.tgz
14 silly cache afterAdd xplat-cli@0.0.1
15 verbose afterAdd C:\Users\Drew\AppData\Roaming\npm-cache\xplat-cli\0.0.1\package\package.json not in flight; writing
16 verbose afterAdd C:\Users\Drew\AppData\Roaming\npm-cache\xplat-cli\0.0.1\package\package.json written
17 silly publish { name: 'xplat-cli',
17 silly publish   version: '0.0.1',
17 silly publish   description: 'Write simple CLI programs once for the browser and the web.',
17 silly publish   main: 'index.js',
17 silly publish   scripts:
17 silly publish    { test: 'browserify ./test/test.js -o ./test/browser-test.js && echo \'built ./test/browser-test.js.  Try opening ./test/index.html in a browser.\'',
17 silly publish      build: 'browserify ./index.js -o ./dist/browser-xplat-cli.js' },
17 silly publish   author: { name: 'Drew Harwell' },
17 silly publish   license: 'MIT',
17 silly publish   dependencies: { minimist: '^1.2.0' },
17 silly publish   directories: { test: 'test' },
17 silly publish   devDependencies: { browserify: '^13.0.1' },
17 silly publish   repository:
17 silly publish    { type: 'git',
17 silly publish      url: 'git+https://github.com/fenwick67/xplat-cli.git' },
17 silly publish   keywords: [ 'cli', 'program', 'cross-platform', 'browser', 'terminal', 'tty' ],
17 silly publish   bugs: { url: 'https://github.com/fenwick67/xplat-cli/issues' },
17 silly publish   homepage: 'https://github.com/fenwick67/xplat-cli#readme',
17 silly publish   readme: '# xplat-cli\r\n\r\nCross platform command line interface.\r\n\r\nCreates a cli that can use nodejs command line, AND works in a browser with Browserify.\r\n\r\nInspired by [Vorpal](https://github.com/dthree/vorpal), which I couldn\'t get to work in a browser because it\'s so dependent on `tty` and `readline`.\r\n\r\n## API\r\n\r\nAn example is probably easier than a formal spec.  Look at test/test.js for an example (also try out test/index.html, which is just browserified)\r\n\r\n```\r\nvar cli = require(\'xplat-cli\')();\r\n\r\ncli\r\n  .delimiter(\'>\')// set the delimiter\r\n  .command(\'get\',function(arguments,done){// crate a command called "get"\r\n      var program = this;\r\n      program.writeln(\'loading...\');\r\n      function dot(){\r\n          program.write(\'.\');\r\n      }\r\n      var timer = setInterval(dot,1000);\r\n      setTimeout(function(){\r\n          clearInterval(timer);\r\n          program.writeln(\' done!\');\r\n          done(null);\r\n      }),5000)\r\n  });\r\n  \r\n ```\r\n \r\n## Notes\r\n.delimiter doesn\'t work in terminal right now\r\n',
17 silly publish   readmeFilename: 'readme.md',
17 silly publish   gitHead: '983ca8e6cbf38dd7545008b8beabd3c9ce91010f',
17 silly publish   _id: 'xplat-cli@0.0.1',
17 silly publish   _shasum: 'df3399095c7763403ac7fdd15c1e5b3946fec641',
17 silly publish   _from: '.' }
18 verbose getPublishConfig undefined
19 silly mapToRegistry name xplat-cli
20 silly mapToRegistry using default registry
21 silly mapToRegistry registry https://registry.npmjs.org/
22 silly mapToRegistry uri https://registry.npmjs.org/xplat-cli
23 verbose publish registryBase https://registry.npmjs.org/
24 silly publish uploading C:\Users\Drew\AppData\Roaming\npm-cache\xplat-cli\0.0.1\package.tgz
25 verbose request uri https://registry.npmjs.org/xplat-cli
26 verbose request sending authorization for write operation
27 info attempt registry request try #1 at 5:54:49 PM
28 verbose request using bearer token for auth
29 verbose request id a29ad397bbeb7593
30 http request PUT https://registry.npmjs.org/xplat-cli
31 http 403 https://registry.npmjs.org/xplat-cli
32 verbose headers { 'content-type': 'application/json',
32 verbose headers   'cache-control': 'max-age=300',
32 verbose headers   'content-length': '95',
32 verbose headers   'accept-ranges': 'bytes',
32 verbose headers   date: 'Sun, 26 Jun 2016 22:54:50 GMT',
32 verbose headers   via: '1.1 varnish',
32 verbose headers   connection: 'keep-alive',
32 verbose headers   'x-served-by': 'cache-dfw1832-DFW',
32 verbose headers   'x-cache': 'MISS',
32 verbose headers   'x-cache-hits': '0',
32 verbose headers   'x-timer': 'S1466981689.771116,VS0,VE857',
32 verbose headers   vary: 'Accept-Encoding' }
33 verbose request invalidating C:\Users\Drew\AppData\Roaming\npm-cache\registry.npmjs.org\xplat-cli on PUT
34 error publish Failed PUT 403
35 verbose stack Error: "You cannot publish over the previously published version 0.0.1." : xplat-cli
35 verbose stack     at makeError (C:\Program Files\nodejs\node_modules\npm\node_modules\npm-registry-client\lib\request.js:264:12)
35 verbose stack     at CachingRegistryClient.<anonymous> (C:\Program Files\nodejs\node_modules\npm\node_modules\npm-registry-client\lib\request.js:252:14)
35 verbose stack     at Request._callback (C:\Program Files\nodejs\node_modules\npm\node_modules\npm-registry-client\lib\request.js:172:14)
35 verbose stack     at Request.self.callback (C:\Program Files\nodejs\node_modules\npm\node_modules\request\request.js:198:22)
35 verbose stack     at emitTwo (events.js:87:13)
35 verbose stack     at Request.emit (events.js:172:7)
35 verbose stack     at Request.<anonymous> (C:\Program Files\nodejs\node_modules\npm\node_modules\request\request.js:1063:14)
35 verbose stack     at emitOne (events.js:82:20)
35 verbose stack     at Request.emit (events.js:169:7)
35 verbose stack     at IncomingMessage.<anonymous> (C:\Program Files\nodejs\node_modules\npm\node_modules\request\request.js:1009:12)
36 verbose statusCode 403
37 verbose pkgid xplat-cli
38 verbose cwd C:\Users\Drew\workspace\xplat-cli
39 error Windows_NT 10.0.10586
40 error argv "C:\\Program Files\\nodejs\\node.exe" "C:\\Program Files\\nodejs\\node_modules\\npm\\bin\\npm-cli.js" "publish"
41 error node v4.2.2
42 error npm  v2.14.7
43 error code E403
44 error "You cannot publish over the previously published version 0.0.1." : xplat-cli
45 error If you need help, you may report this error at:
45 error     <https://github.com/npm/npm/issues>
46 verbose exit [ 1, true ]
